  main.cpp
  TBB Warning: tbb.h contains deprecated functionality. For details, please see Deprecated Features appendix in the TBB reference manual.
D:\426assignment\2D-Cell-Growth-Simulation\Version2\VS Project\COMP426-Assignment2\COMP426-Assignment2\main.cpp(27,37): warning C4244: 'initializing': conversion from 'double' to 'int', possible loss of data
D:\426assignment\2D-Cell-Growth-Simulation\Version2\VS Project\COMP426-Assignment2\COMP426-Assignment2\main.cpp(30,60): warning C4244: 'initializing': conversion from 'double' to 'int', possible loss of data
D:\426assignment\2D-Cell-Growth-Simulation\Version2\VS Project\COMP426-Assignment2\COMP426-Assignment2\main.cpp(32,51): warning C4311: 'type cast': pointer truncation from 'void *' to 'int'
D:\426assignment\2D-Cell-Growth-Simulation\Version2\VS Project\COMP426-Assignment2\COMP426-Assignment2\main.cpp(32,51): warning C4302: 'type cast': truncation from 'void *' to 'int'
D:\426assignment\2D-Cell-Growth-Simulation\Version2\VS Project\COMP426-Assignment2\COMP426-Assignment2\main.cpp(173,1): warning C4267: 'argument': conversion from 'size_t' to 'int', possible loss of data
D:\426assignment\2D-Cell-Growth-Simulation\Version2\VS Project\COMP426-Assignment2\COMP426-Assignment2\main.cpp(260,18): warning C4244: 'argument': conversion from 'int' to 'GLfloat', possible loss of data
D:\426assignment\2D-Cell-Growth-Simulation\Version2\VS Project\COMP426-Assignment2\COMP426-Assignment2\main.cpp(260,15): warning C4244: 'argument': conversion from 'int' to 'GLfloat', possible loss of data
D:\426assignment\2D-Cell-Growth-Simulation\Version2\VS Project\COMP426-Assignment2\COMP426-Assignment2\main.cpp(261,22): warning C4244: 'argument': conversion from 'int' to 'GLfloat', possible loss of data
D:\426assignment\2D-Cell-Growth-Simulation\Version2\VS Project\COMP426-Assignment2\COMP426-Assignment2\main.cpp(261,17): warning C4244: 'argument': conversion from 'int' to 'GLfloat', possible loss of data
D:\426assignment\2D-Cell-Growth-Simulation\Version2\VS Project\COMP426-Assignment2\COMP426-Assignment2\main.cpp(262,24): warning C4244: 'argument': conversion from 'int' to 'GLfloat', possible loss of data
D:\426assignment\2D-Cell-Growth-Simulation\Version2\VS Project\COMP426-Assignment2\COMP426-Assignment2\main.cpp(262,17): warning C4244: 'argument': conversion from 'int' to 'GLfloat', possible loss of data
D:\426assignment\2D-Cell-Growth-Simulation\Version2\VS Project\COMP426-Assignment2\COMP426-Assignment2\main.cpp(263,20): warning C4244: 'argument': conversion from 'int' to 'GLfloat', possible loss of data
D:\426assignment\2D-Cell-Growth-Simulation\Version2\VS Project\COMP426-Assignment2\COMP426-Assignment2\main.cpp(263,15): warning C4244: 'argument': conversion from 'int' to 'GLfloat', possible loss of data
D:\426assignment\2D-Cell-Growth-Simulation\Version2\VS Project\COMP426-Assignment2\COMP426-Assignment2\main.cpp(280,42): warning C4312: 'type cast': conversion from 'const int' to 'void *' of greater size
D:\426assignment\2D-Cell-Growth-Simulation\Version2\VS Project\COMP426-Assignment2\COMP426-Assignment2\main.cpp(281,42): warning C4312: 'type cast': conversion from 'const int' to 'void *' of greater size
D:\426assignment\2D-Cell-Growth-Simulation\Version2\VS Project\COMP426-Assignment2\COMP426-Assignment2\main.cpp(282,42): warning C4312: 'type cast': conversion from 'const int' to 'void *' of greater size
D:\426assignment\2D-Cell-Growth-Simulation\Version2\VS Project\COMP426-Assignment2\COMP426-Assignment2\main.cpp(283,43): warning C4312: 'type cast': conversion from 'const int' to 'void *' of greater size
D:\426assignment\2D-Cell-Growth-Simulation\Version2\VS Project\COMP426-Assignment2\COMP426-Assignment2\main.cpp(284,43): warning C4312: 'type cast': conversion from 'const int' to 'void *' of greater size
D:\426assignment\2D-Cell-Growth-Simulation\Version2\VS Project\COMP426-Assignment2\COMP426-Assignment2\main.cpp(285,43): warning C4312: 'type cast': conversion from 'const int' to 'void *' of greater size
D:\426assignment\2D-Cell-Growth-Simulation\Version2\VS Project\COMP426-Assignment2\COMP426-Assignment2\main.cpp(389,12): warning C4244: 'argument': conversion from 'time_t' to 'unsigned int', possible loss of data
  COMP426-Assignment2.vcxproj -> D:\426assignment\2D-Cell-Growth-Simulation\Version2\VS Project\COMP426-Assignment2\x64\Debug\COMP426-Assignment2.exe
